setting 'ivy.default.settings.dir' to 'jar:file:/F:/program%20files/sbt/sbt-launch.jar!/org/apache/ivy/core/settings'
setting 'ivy.basedir' to 'F:\data\repos\gitwork\Squeryl\.'
setting 'ivy.default.conf.dir' to 'jar:file:/F:/program%20files/sbt/sbt-launch.jar!/org/apache/ivy/core/settings'
impossible to define new type: class not found: org.apache.ivy.plugins.version.PatternVersionMatcher in [] nor Ivy classloader
impossible to define new type: class not found: org.apache.ivy.plugins.trigger.LogTrigger in [] nor Ivy classloader
impossible to define new type: class not found: org.apache.ivy.plugins.resolver.DualResolver in [] nor Ivy classloader
impossible to define new type: class not found: org.apache.ivy.plugins.resolver.VsftpResolver in [] nor Ivy classloader
impossible to define new type: class not found: org.apache.ivy.plugins.conflict.RegexpConflictManager in [] nor Ivy classloader
impossible to define new type: class not found: org.apache.ivy.plugins.resolver.SshResolver in [] nor Ivy classloader
impossible to define new type: class not found: org.apache.ivy.plugins.resolver.VfsResolver in [] nor Ivy classloader
impossible to define new type: class not found: org.apache.ivy.plugins.signer.bouncycastle.OpenPGPSignatureGenerator in [] nor Ivy classloader
impossible to define new type: class not found: org.apache.ivy.plugins.resolver.SFTPResolver in [] nor Ivy classloader
impossible to define new type: class not found: org.apache.ivy.plugins.resolver.packager.PackagerResolver in [] nor Ivy classloader
impossible to define new type: class not found: org.apache.ivy.ant.AntCallTrigger in [] nor Ivy classloader
impossible to define new type: class not found: org.apache.ivy.plugins.resolver.IvyRepResolver in [] nor Ivy classloader
impossible to define new type: class not found: org.apache.ivy.ant.AntBuildTrigger in [] nor Ivy classloader
impossible to define glob matcher: org.apache.ivy.plugins.matcher.GlobPatternMatcher was not found.
setting 'java.runtime.name' to 'Java(TM) SE Runtime Environment'
setting 'sun.boot.library.path' to 'c:\program files (x86)\jetbrains\intellij idea community edition 10.5.2\jre\jre\bin'
setting 'java.vm.version' to '17.1-b03'
setting 'jline.terminal' to 'jline.UnsupportedTerminal'
setting 'java.vm.vendor' to 'Sun Microsystems Inc.'
setting 'java.vendor.url' to 'http://java.sun.com/'
setting 'path.separator' to ';'
setting 'java.vm.name' to 'Java HotSpot(TM) Client VM'
setting 'file.encoding.pkg' to 'sun.io'
setting 'sun.java.launcher' to 'SUN_STANDARD'
setting 'user.country' to 'JP'
setting 'sun.os.patch.level' to ''
setting 'java.vm.specification.name' to 'Java Virtual Machine Specification'
setting 'user.dir' to 'F:\data\repos\gitwork\Squeryl'
setting 'java.runtime.version' to '1.6.0_22-b04'
setting 'java.awt.graphicsenv' to 'sun.awt.Win32GraphicsEnvironment'
setting 'java.endorsed.dirs' to 'c:\program files (x86)\jetbrains\intellij idea community edition 10.5.2\jre\jre\lib\endorsed'
setting 'os.arch' to 'x86'
setting 'java.io.tmpdir' to 'C:\Users\takezou\AppData\Local\Temp\'
setting 'line.separator' to '
'
setting 'java.vm.specification.vendor' to 'Sun Microsystems Inc.'
setting 'user.variant' to ''
setting 'os.name' to 'Windows 7'
setting 'sbt.log.noformat' to 'true'
setting 'sun.jnu.encoding' to 'MS932'
setting 'java.library.path' to 'c:\program files (x86)\jetbrains\intellij idea community edition 10.5.2\jre\jre\bin;.;C:\Windows\Sun\Java\bin;C:\Windows\system32;C:\Windows;C:\Program Files (x86)\JetBrains\IntelliJ IDEA Community Edition 10.5.2\bin\..\.\bin;C:\Program Files (x86)\JetBrains\IntelliJ IDEA Community Edition 10.5.2\bin\..\.\bin;C:\Program Files (x86)\JetBrains\IntelliJ IDEA Community Edition 10.5.2\bin\..\.\bin;C:\Program Files (x86)\JetBrains\IntelliJ IDEA Community Edition 10.5.2\bin\..\.\bin;C:\Windows\system32;C:\Windows;C:\Windows\System32\Wbem;C:\Windows\System32\WindowsPowerShell\v1.0\;C:\Program Files\MySQL\MySQL Server 5.5\bin;C:\Program Files (x86)\QuickTime\QTSystem\;C:\Program Files\TortoiseHg\;C:\Program Files\TortoiseSVN\bin;C:\Program Files\TortoiseGit\bin;C:\Program Files\scala\bin;C:\Program Files (x86)\erl5.8.4\bin;F:\program files\apache-maven-2.2.1\bin;F:\program files\apache-ant-1.8.2\bin;c:\program files (x86)\jetbrains\intellij idea community edition 10.5.2\jre\jre\bin;c:\program files (x86)\jetbrains\intellij idea community edition 10.5.2\jre\jre\bin;c:\program files (x86)\jetbrains\intellij idea community edition 10.5.2\jre\jre\bin;c:\program files (x86)\jetbrains\intellij idea community edition 10.5.2\jre\jre\bin'
setting 'java.specification.name' to 'Java Platform API Specification'
setting 'java.class.version' to '50.0'
setting 'sun.management.compiler' to 'HotSpot Client Compiler'
setting 'os.version' to '6.1'
setting 'user.home' to 'C:\Users\takezou'
setting 'user.timezone' to 'Asia/Tokyo'
setting 'java.awt.printerjob' to 'sun.awt.windows.WPrinterJob'
setting 'file.encoding' to 'MS932'
setting 'java.specification.version' to '1.6'
setting 'java.class.path' to 'F:\program files\sbt\sbt-launch.jar'
setting 'user.name' to 'takezou'
setting 'java.vm.specification.version' to '1.0'
setting 'java.home' to 'c:\program files (x86)\jetbrains\intellij idea community edition 10.5.2\jre\jre'
setting 'sun.arch.data.model' to '32'
setting 'user.language' to 'ja'
setting 'java.specification.vendor' to 'Sun Microsystems Inc.'
setting 'awt.toolkit' to 'sun.awt.windows.WToolkit'
setting 'java.vm.info' to 'mixed mode, sharing'
setting 'java.version' to '1.6.0_22'
setting 'java.ext.dirs' to 'c:\program files (x86)\jetbrains\intellij idea community edition 10.5.2\jre\jre\lib\ext;C:\Windows\Sun\Java\lib\ext'
setting 'sun.boot.class.path' to 'c:\program files (x86)\jetbrains\intellij idea community edition 10.5.2\jre\jre\lib\resources.jar;c:\program files (x86)\jetbrains\intellij idea community edition 10.5.2\jre\jre\lib\rt.jar;c:\program files (x86)\jetbrains\intellij idea community edition 10.5.2\jre\jre\lib\sunrsasign.jar;c:\program files (x86)\jetbrains\intellij idea community edition 10.5.2\jre\jre\lib\jsse.jar;c:\program files (x86)\jetbrains\intellij idea community edition 10.5.2\jre\jre\lib\jce.jar;c:\program files (x86)\jetbrains\intellij idea community edition 10.5.2\jre\jre\lib\charsets.jar;c:\program files (x86)\jetbrains\intellij idea community edition 10.5.2\jre\jre\classes'
setting 'java.vendor' to 'Sun Microsystems Inc.'
setting 'file.separator' to '\'
setting 'java.vendor.url.bug' to 'http://java.sun.com/cgi-bin/bugreport.cgi'
setting 'sun.io.unicode.encoding' to 'UnicodeLittle'
setting 'sun.cpu.endian' to 'little'
setting 'sun.desktop' to 'windows'
setting 'sun.cpu.isalist' to 'pentium_pro+mmx pentium_pro pentium+mmx pentium i486 i386 i86'
setting 'ivy.default.ivy.user.dir' to 'C:\Users\takezou\.ivy2'
setting 'ivy.home' to 'C:\Users\takezou\.ivy2'
setting 'ivy.cache.dir' to 'C:\Users\takezou\.ivy2\cache'
no default cache defined: set to C:\Users\takezou\.ivy2\cache
setting 'ivy.checksums' to 'sha1,md5'
setting 'ivy.basedir' to 'F:\data\repos\gitwork\Squeryl\project\boot'
setting 'basedir' to 'F:\data\repos\gitwork\Squeryl\project\boot'
setting 'scala' to '2.8.1'
:: resolving dependencies :: org.scala-tools.sbt#boot-app;1.0
	confs: [default]
	validate = true
	refresh = false
resolving dependencies for configuration 'default'
== resolving dependencies for org.scala-tools.sbt#boot-app;1.0 [default]
loadData of org.scala-tools.sbt#boot-app;1.0 of rootConf=default
== resolving dependencies org.scala-tools.sbt#boot-app;1.0->org.scala-tools.sbt#sbt_2.8.1;0.7.4 [default->default(compile)]
loadData of org.scala-tools.sbt#sbt_2.8.1;0.7.4 of rootConf=default
	using redefined-public to resolve org.scala-tools.sbt#sbt_2.8.1;0.7.4
redefined-public: Checking cache for: dependency: org.scala-tools.sbt#sbt_2.8.1;0.7.4 {default=[default(compile)]}
redefined-public: no namespace defined: using system
	no ivy file in cache for org.scala-tools.sbt#sbt_2.8.1;0.7.4: tried C:\Users\takezou\.ivy2\cache\org.scala-tools.sbt\sbt_2.8.1\ivy-0.7.4.xml
redefined-public: no latest strategy defined: using default
local: no namespace defined: using system
	no ivy file in cache for org.scala-tools.sbt#sbt_2.8.1;0.7.4: tried C:\Users\takezou\.ivy2\cache\org.scala-tools.sbt\sbt_2.8.1\ivy-0.7.4.xml
	 trying C:\Users\takezou\.ivy2/local/org.scala-tools.sbt/sbt_2.8.1/0.7.4/ivys/ivy.xml
		tried C:\Users\takezou\.ivy2/local/org.scala-tools.sbt/sbt_2.8.1/0.7.4/ivys/ivy.xml
	local: resource not reachable for org.scala-tools.sbt#sbt_2.8.1;0.7.4: res=C:\Users\takezou\.ivy2\local\org.scala-tools.sbt\sbt_2.8.1\0.7.4\ivys\ivy.xml
	 trying C:\Users\takezou\.ivy2/local/org.scala-tools.sbt/sbt_2.8.1/0.7.4/jars/sbt_2.8.1.jar
		tried C:\Users\takezou\.ivy2/local/org.scala-tools.sbt/sbt_2.8.1/0.7.4/jars/sbt_2.8.1.jar
	local: resource not reachable for org.scala-tools.sbt#sbt_2.8.1;0.7.4: res=C:\Users\takezou\.ivy2\local\org.scala-tools.sbt\sbt_2.8.1\0.7.4\jars\sbt_2.8.1.jar
	local: no ivy file nor artifact found for org.scala-tools.sbt#sbt_2.8.1;0.7.4
Maven2 Local: no namespace defined: using system
	no ivy file in cache for org.scala-tools.sbt#sbt_2.8.1;0.7.4: tried C:\Users\takezou\.ivy2\cache\org.scala-tools.sbt\sbt_2.8.1\ivy-0.7.4.xml
	 trying file://C:\Users\takezou/.m2/repository/org/scala-tools/sbt/sbt_2.8.1/0.7.4/sbt_2.8.1-0.7.4.pom
		tried file://C:\Users\takezou/.m2/repository/org/scala-tools/sbt/sbt_2.8.1/0.7.4/sbt_2.8.1-0.7.4.pom
	Maven2 Local: resource not reachable for org/scala-tools/sbt#sbt_2.8.1;0.7.4: res=file://C:/Users/takezou/.m2/repository/org/scala-tools/sbt/sbt_2.8.1/0.7.4/sbt_2.8.1-0.7.4.pom
	 trying file://C:\Users\takezou/.m2/repository/org/scala-tools/sbt/sbt_2.8.1/0.7.4/sbt_2.8.1-0.7.4.jar
		tried file://C:\Users\takezou/.m2/repository/org/scala-tools/sbt/sbt_2.8.1/0.7.4/sbt_2.8.1-0.7.4.jar
	Maven2 Local: resource not reachable for org/scala-tools/sbt#sbt_2.8.1;0.7.4: res=file://C:/Users/takezou/.m2/repository/org/scala-tools/sbt/sbt_2.8.1/0.7.4/sbt_2.8.1-0.7.4.jar
	Maven2 Local: no ivy file nor artifact found for org.scala-tools.sbt#sbt_2.8.1;0.7.4
typesafe-ivy-releases: no namespace defined: using system
	no ivy file in cache for org.scala-tools.sbt#sbt_2.8.1;0.7.4: tried C:\Users\takezou\.ivy2\cache\org.scala-tools.sbt\sbt_2.8.1\ivy-0.7.4.xml
	 trying http://repo.typesafe.com/typesafe/ivy-releases/org.scala-tools.sbt/sbt_2.8.1/0.7.4/ivys/ivy.xml
		tried http://repo.typesafe.com/typesafe/ivy-releases/org.scala-tools.sbt/sbt_2.8.1/0.7.4/ivys/ivy.xml
HTTP response status: 404 url=http://repo.typesafe.com/typesafe/ivy-releases/org.scala-tools.sbt/sbt_2.8.1/0.7.4/ivys/ivy.xml
CLIENT ERROR: Not Found url=http://repo.typesafe.com/typesafe/ivy-releases/org.scala-tools.sbt/sbt_2.8.1/0.7.4/ivys/ivy.xml
	typesafe-ivy-releases: resource not reachable for org.scala-tools.sbt#sbt_2.8.1;0.7.4: res=http://repo.typesafe.com/typesafe/ivy-releases/org.scala-tools.sbt/sbt_2.8.1/0.7.4/ivys/ivy.xml
	 trying http://repo.typesafe.com/typesafe/ivy-releases/org.scala-tools.sbt/sbt_2.8.1/0.7.4/jars/sbt_2.8.1.jar
		tried http://repo.typesafe.com/typesafe/ivy-releases/org.scala-tools.sbt/sbt_2.8.1/0.7.4/jars/sbt_2.8.1.jar
HTTP response status: 404 url=http://repo.typesafe.com/typesafe/ivy-releases/org.scala-tools.sbt/sbt_2.8.1/0.7.4/jars/sbt_2.8.1.jar
CLIENT ERROR: Not Found url=http://repo.typesafe.com/typesafe/ivy-releases/org.scala-tools.sbt/sbt_2.8.1/0.7.4/jars/sbt_2.8.1.jar
	typesafe-ivy-releases: resource not reachable for org.scala-tools.sbt#sbt_2.8.1;0.7.4: res=http://repo.typesafe.com/typesafe/ivy-releases/org.scala-tools.sbt/sbt_2.8.1/0.7.4/jars/sbt_2.8.1.jar
	typesafe-ivy-releases: no ivy file nor artifact found for org.scala-tools.sbt#sbt_2.8.1;0.7.4
Maven Central: no namespace defined: using system
	no ivy file in cache for org.scala-tools.sbt#sbt_2.8.1;0.7.4: tried C:\Users\takezou\.ivy2\cache\org.scala-tools.sbt\sbt_2.8.1\ivy-0.7.4.xml
	 trying http://repo1.maven.org/maven2/org/scala-tools/sbt/sbt_2.8.1/0.7.4/sbt_2.8.1-0.7.4.pom
		tried http://repo1.maven.org/maven2/org/scala-tools/sbt/sbt_2.8.1/0.7.4/sbt_2.8.1-0.7.4.pom
HTTP response status: 404 url=http://repo1.maven.org/maven2/org/scala-tools/sbt/sbt_2.8.1/0.7.4/sbt_2.8.1-0.7.4.pom
CLIENT ERROR: Not Found url=http://repo1.maven.org/maven2/org/scala-tools/sbt/sbt_2.8.1/0.7.4/sbt_2.8.1-0.7.4.pom
	Maven Central: resource not reachable for org/scala-tools/sbt#sbt_2.8.1;0.7.4: res=http://repo1.maven.org/maven2/org/scala-tools/sbt/sbt_2.8.1/0.7.4/sbt_2.8.1-0.7.4.pom
	 trying http://repo1.maven.org/maven2/org/scala-tools/sbt/sbt_2.8.1/0.7.4/sbt_2.8.1-0.7.4.jar
		tried http://repo1.maven.org/maven2/org/scala-tools/sbt/sbt_2.8.1/0.7.4/sbt_2.8.1-0.7.4.jar
HTTP response status: 404 url=http://repo1.maven.org/maven2/org/scala-tools/sbt/sbt_2.8.1/0.7.4/sbt_2.8.1-0.7.4.jar
CLIENT ERROR: Not Found url=http://repo1.maven.org/maven2/org/scala-tools/sbt/sbt_2.8.1/0.7.4/sbt_2.8.1-0.7.4.jar
	Maven Central: resource not reachable for org/scala-tools/sbt#sbt_2.8.1;0.7.4: res=http://repo1.maven.org/maven2/org/scala-tools/sbt/sbt_2.8.1/0.7.4/sbt_2.8.1-0.7.4.jar
	Maven Central: no ivy file nor artifact found for org.scala-tools.sbt#sbt_2.8.1;0.7.4
Scala-Tools Maven2 Repository: no namespace defined: using system
	no ivy file in cache for org.scala-tools.sbt#sbt_2.8.1;0.7.4: tried C:\Users\takezou\.ivy2\cache\org.scala-tools.sbt\sbt_2.8.1\ivy-0.7.4.xml
	 trying http://scala-tools.org/repo-releases/org/scala-tools/sbt/sbt_2.8.1/0.7.4/sbt_2.8.1-0.7.4.pom
		tried http://scala-tools.org/repo-releases/org/scala-tools/sbt/sbt_2.8.1/0.7.4/sbt_2.8.1-0.7.4.pom
HTTP response status: 404 url=http://scala-tools.org/repo-releases/org/scala-tools/sbt/sbt_2.8.1/0.7.4/sbt_2.8.1-0.7.4.pom
CLIENT ERROR: Not Found url=http://scala-tools.org/repo-releases/org/scala-tools/sbt/sbt_2.8.1/0.7.4/sbt_2.8.1-0.7.4.pom
	Scala-Tools Maven2 Repository: resource not reachable for org/scala-tools/sbt#sbt_2.8.1;0.7.4: res=http://scala-tools.org/repo-releases/org/scala-tools/sbt/sbt_2.8.1/0.7.4/sbt_2.8.1-0.7.4.pom
	 trying http://scala-tools.org/repo-releases/org/scala-tools/sbt/sbt_2.8.1/0.7.4/sbt_2.8.1-0.7.4.jar
		tried http://scala-tools.org/repo-releases/org/scala-tools/sbt/sbt_2.8.1/0.7.4/sbt_2.8.1-0.7.4.jar
HTTP response status: 404 url=http://scala-tools.org/repo-releases/org/scala-tools/sbt/sbt_2.8.1/0.7.4/sbt_2.8.1-0.7.4.jar
CLIENT ERROR: Not Found url=http://scala-tools.org/repo-releases/org/scala-tools/sbt/sbt_2.8.1/0.7.4/sbt_2.8.1-0.7.4.jar
	Scala-Tools Maven2 Repository: resource not reachable for org/scala-tools/sbt#sbt_2.8.1;0.7.4: res=http://scala-tools.org/repo-releases/org/scala-tools/sbt/sbt_2.8.1/0.7.4/sbt_2.8.1-0.7.4.jar
	Scala-Tools Maven2 Repository: no ivy file nor artifact found for org.scala-tools.sbt#sbt_2.8.1;0.7.4
Scala-Tools Maven2 Snapshots Repository: no namespace defined: using system
	no ivy file in cache for org.scala-tools.sbt#sbt_2.8.1;0.7.4: tried C:\Users\takezou\.ivy2\cache\org.scala-tools.sbt\sbt_2.8.1\ivy-0.7.4.xml
	 trying http://scala-tools.org/repo-snapshots/org/scala-tools/sbt/sbt_2.8.1/0.7.4/sbt_2.8.1-0.7.4.pom
		tried http://scala-tools.org/repo-snapshots/org/scala-tools/sbt/sbt_2.8.1/0.7.4/sbt_2.8.1-0.7.4.pom
HTTP response status: 404 url=http://scala-tools.org/repo-snapshots/org/scala-tools/sbt/sbt_2.8.1/0.7.4/sbt_2.8.1-0.7.4.pom
CLIENT ERROR: Not Found url=http://scala-tools.org/repo-snapshots/org/scala-tools/sbt/sbt_2.8.1/0.7.4/sbt_2.8.1-0.7.4.pom
	Scala-Tools Maven2 Snapshots Repository: resource not reachable for org/scala-tools/sbt#sbt_2.8.1;0.7.4: res=http://scala-tools.org/repo-snapshots/org/scala-tools/sbt/sbt_2.8.1/0.7.4/sbt_2.8.1-0.7.4.pom
	 trying http://scala-tools.org/repo-snapshots/org/scala-tools/sbt/sbt_2.8.1/0.7.4/sbt_2.8.1-0.7.4.jar
		tried http://scala-tools.org/repo-snapshots/org/scala-tools/sbt/sbt_2.8.1/0.7.4/sbt_2.8.1-0.7.4.jar
HTTP response status: 404 url=http://scala-tools.org/repo-snapshots/org/scala-tools/sbt/sbt_2.8.1/0.7.4/sbt_2.8.1-0.7.4.jar
CLIENT ERROR: Not Found url=http://scala-tools.org/repo-snapshots/org/scala-tools/sbt/sbt_2.8.1/0.7.4/sbt_2.8.1-0.7.4.jar
	Scala-Tools Maven2 Snapshots Repository: resource not reachable for org/scala-tools/sbt#sbt_2.8.1;0.7.4: res=http://scala-tools.org/repo-snapshots/org/scala-tools/sbt/sbt_2.8.1/0.7.4/sbt_2.8.1-0.7.4.jar
	Scala-Tools Maven2 Snapshots Repository: no ivy file nor artifact found for org.scala-tools.sbt#sbt_2.8.1;0.7.4
WARN: 	module not found: org.scala-tools.sbt#sbt_2.8.1;0.7.4
WARN: ==== local: tried
WARN:   C:\Users\takezou\.ivy2/local/org.scala-tools.sbt/sbt_2.8.1/0.7.4/ivys/ivy.xml
WARN:   -- artifact org.scala-tools.sbt#sbt_2.8.1;0.7.4!sbt_2.8.1.jar:
WARN:   C:\Users\takezou\.ivy2/local/org.scala-tools.sbt/sbt_2.8.1/0.7.4/jars/sbt_2.8.1.jar
WARN: ==== Maven2 Local: tried
WARN:   file://C:\Users\takezou/.m2/repository/org/scala-tools/sbt/sbt_2.8.1/0.7.4/sbt_2.8.1-0.7.4.pom
WARN:   -- artifact org.scala-tools.sbt#sbt_2.8.1;0.7.4!sbt_2.8.1.jar:
WARN:   file://C:\Users\takezou/.m2/repository/org/scala-tools/sbt/sbt_2.8.1/0.7.4/sbt_2.8.1-0.7.4.jar
WARN: ==== typesafe-ivy-releases: tried
WARN:   http://repo.typesafe.com/typesafe/ivy-releases/org.scala-tools.sbt/sbt_2.8.1/0.7.4/ivys/ivy.xml
WARN:   -- artifact org.scala-tools.sbt#sbt_2.8.1;0.7.4!sbt_2.8.1.jar:
WARN:   http://repo.typesafe.com/typesafe/ivy-releases/org.scala-tools.sbt/sbt_2.8.1/0.7.4/jars/sbt_2.8.1.jar
WARN: ==== Maven Central: tried
WARN:   http://repo1.maven.org/maven2/org/scala-tools/sbt/sbt_2.8.1/0.7.4/sbt_2.8.1-0.7.4.pom
WARN:   -- artifact org.scala-tools.sbt#sbt_2.8.1;0.7.4!sbt_2.8.1.jar:
WARN:   http://repo1.maven.org/maven2/org/scala-tools/sbt/sbt_2.8.1/0.7.4/sbt_2.8.1-0.7.4.jar
WARN: ==== Scala-Tools Maven2 Repository: tried
WARN:   http://scala-tools.org/repo-releases/org/scala-tools/sbt/sbt_2.8.1/0.7.4/sbt_2.8.1-0.7.4.pom
WARN:   -- artifact org.scala-tools.sbt#sbt_2.8.1;0.7.4!sbt_2.8.1.jar:
WARN:   http://scala-tools.org/repo-releases/org/scala-tools/sbt/sbt_2.8.1/0.7.4/sbt_2.8.1-0.7.4.jar
WARN: ==== Scala-Tools Maven2 Snapshots Repository: tried
WARN:   http://scala-tools.org/repo-snapshots/org/scala-tools/sbt/sbt_2.8.1/0.7.4/sbt_2.8.1-0.7.4.pom
WARN:   -- artifact org.scala-tools.sbt#sbt_2.8.1;0.7.4!sbt_2.8.1.jar:
WARN:   http://scala-tools.org/repo-snapshots/org/scala-tools/sbt/sbt_2.8.1/0.7.4/sbt_2.8.1-0.7.4.jar
Nbr of module to sort : 0
	resolved ivy file produced in C:\Users\takezou\.ivy2\cache\resolved-org.scala-tools.sbt-boot-app-1.0.xml
:: downloading artifacts ::
:: resolution report :: resolve 9646ms :: artifacts dl 0ms
WARN: 	::::::::::::::::::::::::::::::::::::::::::::::
WARN: 	::          UNRESOLVED DEPENDENCIES         ::
WARN: 	::::::::::::::::::::::::::::::::::::::::::::::
WARN: 	:: org.scala-tools.sbt#sbt_2.8.1;0.7.4: not found
WARN: 	::::::::::::::::::::::::::::::::::::::::::::::

Nbr of module to sort : 0
	report for org.scala-tools.sbt#boot-app;1.0 default produced in C:\Users\takezou\.ivy2\cache\org.scala-tools.sbt-boot-app-default.xml
	resolve done (9646ms resolve - 0ms download)

:: problems summary ::
:::: WARNINGS
		module not found: org.scala-tools.sbt#sbt_2.8.1;0.7.4

	==== local: tried

	  C:\Users\takezou\.ivy2/local/org.scala-tools.sbt/sbt_2.8.1/0.7.4/ivys/ivy.xml

	  -- artifact org.scala-tools.sbt#sbt_2.8.1;0.7.4!sbt_2.8.1.jar:

	  C:\Users\takezou\.ivy2/local/org.scala-tools.sbt/sbt_2.8.1/0.7.4/jars/sbt_2.8.1.jar

	==== Maven2 Local: tried

	  file://C:\Users\takezou/.m2/repository/org/scala-tools/sbt/sbt_2.8.1/0.7.4/sbt_2.8.1-0.7.4.pom

	  -- artifact org.scala-tools.sbt#sbt_2.8.1;0.7.4!sbt_2.8.1.jar:

	  file://C:\Users\takezou/.m2/repository/org/scala-tools/sbt/sbt_2.8.1/0.7.4/sbt_2.8.1-0.7.4.jar

	==== typesafe-ivy-releases: tried

	  http://repo.typesafe.com/typesafe/ivy-releases/org.scala-tools.sbt/sbt_2.8.1/0.7.4/ivys/ivy.xml

	  -- artifact org.scala-tools.sbt#sbt_2.8.1;0.7.4!sbt_2.8.1.jar:

	  http://repo.typesafe.com/typesafe/ivy-releases/org.scala-tools.sbt/sbt_2.8.1/0.7.4/jars/sbt_2.8.1.jar

	==== Maven Central: tried

	  http://repo1.maven.org/maven2/org/scala-tools/sbt/sbt_2.8.1/0.7.4/sbt_2.8.1-0.7.4.pom

	  -- artifact org.scala-tools.sbt#sbt_2.8.1;0.7.4!sbt_2.8.1.jar:

	  http://repo1.maven.org/maven2/org/scala-tools/sbt/sbt_2.8.1/0.7.4/sbt_2.8.1-0.7.4.jar

	==== Scala-Tools Maven2 Repository: tried

	  http://scala-tools.org/repo-releases/org/scala-tools/sbt/sbt_2.8.1/0.7.4/sbt_2.8.1-0.7.4.pom

	  -- artifact org.scala-tools.sbt#sbt_2.8.1;0.7.4!sbt_2.8.1.jar:

	  http://scala-tools.org/repo-releases/org/scala-tools/sbt/sbt_2.8.1/0.7.4/sbt_2.8.1-0.7.4.jar

	==== Scala-Tools Maven2 Snapshots Repository: tried

	  http://scala-tools.org/repo-snapshots/org/scala-tools/sbt/sbt_2.8.1/0.7.4/sbt_2.8.1-0.7.4.pom

	  -- artifact org.scala-tools.sbt#sbt_2.8.1;0.7.4!sbt_2.8.1.jar:

	  http://scala-tools.org/repo-snapshots/org/scala-tools/sbt/sbt_2.8.1/0.7.4/sbt_2.8.1-0.7.4.jar

		::::::::::::::::::::::::::::::::::::::::::::::

		::          UNRESOLVED DEPENDENCIES         ::

		::::::::::::::::::::::::::::::::::::::::::::::

		:: org.scala-tools.sbt#sbt_2.8.1;0.7.4: not found

		::::::::::::::::::::::::::::::::::::::::::::::



:: USE VERBOSE OR DEBUG MESSAGE LEVEL FOR MORE DETAILS
java.lang.RuntimeException: not found
	at org.apache.ivy.core.resolve.IvyNode.loadData(IvyNode.java:237)
	at org.apache.ivy.core.resolve.VisitNode.loadData(VisitNode.java:287)
	at org.apache.ivy.core.resolve.ResolveEngine.fetchDependencies(ResolveEngine.java:696)
	at org.apache.ivy.core.resolve.ResolveEngine.doFetchDependencies(ResolveEngine.java:781)
	at org.apache.ivy.core.resolve.ResolveEngine.fetchDependencies(ResolveEngine.java:704)
	at org.apache.ivy.core.resolve.ResolveEngine.getDependencies(ResolveEngine.java:576)
	at org.apache.ivy.core.resolve.ResolveEngine.resolve(ResolveEngine.java:237)
	at xsbt.boot.Update.xsbt$boot$Update$$lockedApply(Pre.scala:84)
	at xsbt.boot.Update$$anon$3.call(Update.scala:78)
	at xsbt.boot.Locks$GlobalLock.withChannel$1(Locks.scala:75)
	at xsbt.boot.Locks$GlobalLock.withChannelRetries$1(Locks.scala:58)
	at xsbt.boot.Locks$GlobalLock$$anonfun$withFileLock$1.apply(Locks.scala:79)
	at xsbt.boot.Using$.withResource(Using.scala:11)
	at xsbt.boot.Using$.apply(Using.scala:10)
	at xsbt.boot.Locks$GlobalLock.liftedTree1$1(Locks.scala:51)
	at xsbt.boot.Locks$GlobalLock.withLock(Locks.scala:51)
	at xsbt.boot.Locks$.apply0(Locks.scala:30)
	at xsbt.boot.Locks$.apply(Locks.scala:27)
	at xsbt.boot.Update.apply(Pre.scala:79)
	at xsbt.boot.Provider$initialize.call(Provider.scala:34)
	at xsbt.boot.Locks$GlobalLock.withChannel$1(Locks.scala:75)
	at xsbt.boot.Locks$GlobalLock.withChannelRetries$1(Locks.scala:58)
	at xsbt.boot.Locks$GlobalLock$$anonfun$withFileLock$1.apply(Locks.scala:79)
	at xsbt.boot.Using$.withResource(Using.scala:11)
	at xsbt.boot.Using$.apply(Using.scala:10)
	at xsbt.boot.Locks$GlobalLock.liftedTree1$1(Locks.scala:51)
	at xsbt.boot.Locks$GlobalLock.withLock(Locks.scala:51)
	at xsbt.boot.Locks$.apply0(Locks.scala:30)
	at xsbt.boot.Locks$.apply(Locks.scala:27)
	at scala.collection.Iterable$class.$init$(Proxy.scala:32)
	at xsbt.boot.Launch$ScalaProvider$AppProvider.<init>(Launch.scala:127)
	at xsbt.boot.Launch$ScalaProvider.app(Launch.scala:125)
	at xsbt.boot.Launch$.run(Launch.scala:50)
	at xsbt.boot.Launch$$anonfun$explicit$1.apply(Launch.scala:43)
	at xsbt.boot.Launch$.launch(Launch.scala:68)
	at xsbt.boot.Launch$.apply(Launch.scala:14)
	at xsbt.boot.Boot$.runImpl(Boot.scala:24)
	at xsbt.boot.Boot$.main(Boot.scala:15)
	at xsbt.boot.Boot.main(Boot.scala)
Error during sbt execution: Error retrieving required libraries
	at xsbt.boot.Pre$.error(Pre.scala:19)
	at xsbt.boot.Update.xsbt$boot$Update$$lockedApply(Pre.scala:84)
	at xsbt.boot.Update$$anon$3.call(Update.scala:78)
	at xsbt.boot.Locks$GlobalLock.withChannel$1(Locks.scala:75)
	at xsbt.boot.Locks$GlobalLock.withChannelRetries$1(Locks.scala:58)
	at xsbt.boot.Locks$GlobalLock$$anonfun$withFileLock$1.apply(Locks.scala:79)
	at xsbt.boot.Using$.withResource(Using.scala:11)
	at xsbt.boot.Using$.apply(Using.scala:10)
	at xsbt.boot.Locks$GlobalLock.liftedTree1$1(Locks.scala:51)
	at xsbt.boot.Locks$GlobalLock.withLock(Locks.scala:51)
	at xsbt.boot.Locks$.apply0(Locks.scala:30)
	at xsbt.boot.Locks$.apply(Locks.scala:27)
	at xsbt.boot.Update.apply(Pre.scala:79)
	at xsbt.boot.Provider$initialize.call(Provider.scala:34)
	at xsbt.boot.Locks$GlobalLock.withChannel$1(Locks.scala:75)
	at xsbt.boot.Locks$GlobalLock.withChannelRetries$1(Locks.scala:58)
	at xsbt.boot.Locks$GlobalLock$$anonfun$withFileLock$1.apply(Locks.scala:79)
	at xsbt.boot.Using$.withResource(Using.scala:11)
	at xsbt.boot.Using$.apply(Using.scala:10)
	at xsbt.boot.Locks$GlobalLock.liftedTree1$1(Locks.scala:51)
	at xsbt.boot.Locks$GlobalLock.withLock(Locks.scala:51)
	at xsbt.boot.Locks$.apply0(Locks.scala:30)
	at xsbt.boot.Locks$.apply(Locks.scala:27)
	at scala.collection.Iterable$class.$init$(Proxy.scala:32)
	at xsbt.boot.Launch$ScalaProvider$AppProvider.<init>(Launch.scala:127)
	at xsbt.boot.Launch$ScalaProvider.app(Launch.scala:125)
	at xsbt.boot.Launch$.run(Launch.scala:50)
	at xsbt.boot.Launch$$anonfun$explicit$1.apply(Launch.scala:43)
	at xsbt.boot.Launch$.launch(Launch.scala:68)
	at xsbt.boot.Launch$.apply(Launch.scala:14)
	at xsbt.boot.Boot$.runImpl(Boot.scala:24)
	at xsbt.boot.Boot$.main(Boot.scala:15)
	at xsbt.boot.Boot.main(Boot.scala)
Error during sbt execution: Error retrieving required libraries
